Build started 1/29/2014 4:55:14 PM.
     1>Project "C:\Users\DKang\dev\opengl\6s096\OpenGL\Tutorial 0.3.8\glsdk\glutil\glutil.vcxproj" on node 4 (Rebuild target(s)).
     1>ClCompile:
         C:\Program Files (x86)\Microsoft Visual Studio 11.0\VC\bin\CL.exe /c /Iinclude /Isource /I..\glload\include /I..\glm /ZI /nologo /W3 /WX- /Od /Oy- /D _CRT_SECURE_NO_WARNINGS /D _SCL_SECURE_NO_WARNINGS /D WIN32 /D DEBUG /D _DEBUG /D MEMORY_DEBUGGING /D _UNICODE /D UNICODE /Gm /EHsc /RTC1 /MDd /GS /Gy /fp:precise /Zc:wchar_t /Zc:forScope /Fo"Debug\\" /Fd"lib\glutilD.pdb" /Gd /TP /analyze- /errorReport:prompt source\Debug.cpp source\MatrixStack.cpp source\MousePoles.cpp source\Shader.cpp source\WindowPos.cpp
         WindowPos.cpp
         Shader.cpp
         MousePoles.cpp
         MatrixStack.cpp
         Debug.cpp
         Generating Code...
       Lib:
         C:\Program Files (x86)\Microsoft Visual Studio 11.0\VC\bin\Lib.exe /OUT:"lib\glutilD.lib" /NOLOGO Debug\Debug.obj
         Debug\MatrixStack.obj
         Debug\MousePoles.obj
         Debug\Shader.obj
         Debug\WindowPos.obj
         glutil.vcxproj -> C:\Users\DKang\dev\opengl\6s096\OpenGL\Tutorial 0.3.8\glsdk\glutil\lib\glutilD.lib
     1>Done Building Project "C:\Users\DKang\dev\opengl\6s096\OpenGL\Tutorial 0.3.8\glsdk\glutil\glutil.vcxproj" (Rebuild target(s)).

Build succeeded.

Time Elapsed 00:00:05.53
